<?xml version="1.0" encoding="UTF-8"?>
<!-- Generated by org.testng.reporters.JUnitReportReporter -->
<testsuite skipped="0" hostname="DESKTOP-7OR325N" name="com.policybazaar.primary.Health_Insurance" tests="1" failures="0" timestamp="2021-02-26T12:12:36 IST" time="74.915" errors="0">
  <testcase name="healthInsurance" time="74.915" classname="com.policybazaar.primary.Health_Insurance"/>
  <system-out/>
</testsuite> <!-- com.policybazaar.primary.Health_Insurance -->
