<?xml version="1.0" encoding="UTF-8"?>
<!-- Generated by org.testng.reporters.JUnitReportReporter -->
<testsuite skipped="0" hostname="DESKTOP-7OR325N" name="com.policybazaar.primary.Travel_Insurance" tests="1" failures="0" timestamp="2021-02-26T12:12:36 IST" time="36.595" errors="0">
  <testcase name="travelInsurance" time="36.595" classname="com.policybazaar.primary.Travel_Insurance"/>
  <system-out/>
</testsuite> <!-- com.policybazaar.primary.Travel_Insurance -->
